[0;90mDEBUG Docker version 24.0.7, build afdd53b4e3[0m

[1;37mINFO Running tests[0m
[1;37mExamples dotnet .pipelines build[0m
- [1;90mExamples DotNet Stage Build[0m: [1;34mSKIP[0m

[1;37mExamples dotnet .pipelines ci[0m
- [0;90mExamples DotNet Pipeline CI[0m: [1;34mSKIP[0m

[1;37mExamples dotnet .pipelines pipeline[0m
- [1;90mExamples DotNet Pipelines Affected all[0m: [1;34mSKIP[0m
- [1;90mExamples DotNet Pipelines Affected affected[0m: [1;34mSKIP[0m

[1;37mExamples dotnet .pipelines test[0m
- [1;90mExamples DotNet Pipelines Stage Test[0m: [1;34mSKIP[0m

[1;37mExamples node .pipelines build[0m
- [1;90mExamples Node Stage Build[0m: [1;34mSKIP[0m

[1;37mExamples node .pipelines ci[0m
- [0;90mExamples Node Pipeline CI[0m: [1;34mSKIP[0m

[1;37mExamples node .pipelines pipeline[0m
- [1;90mExamples Node Pipelines Affected all[0m: [1;34mSKIP[0m
- [1;90mExamples Node Pipelines Affected affected[0m: [1;34mSKIP[0m

[1;37mExamples node .pipelines test[0m
- [1;90mExamples Node Pipelines Stage Test[0m: [1;34mSKIP[0m

[1;37mPipeliner core artifacts[0m
- Artifacts Directory: [1;32mOK[0m
- Artifacts Directory Azure: [1;32mOK[0m
- Artifacts Directory Github: [1;32mOK[0m
- Artifacts Directory Fail: [1;32mOK[0m
- Artifacts Write: [1;32mOK[0m
- Artifacts Write Directory: [1;32mOK[0m
- Artifacts Write Azure: [1;32mOK[0m
- Artifacts Write Github: [1;32mOK[0m
- Artifacts Read: [1;32mOK[0m
- Artifacts Read Azure: [1;32mOK[0m
- Artifacts Read Github: [1;32mOK[0m
- Artifacts Read Fail: [1;32mOK[0m
- Artifacts Move: [1;32mOK[0m
- Artifacts Move Directory: [1;32mOK[0m
- Artifacts Move Azure: [1;32mOK[0m
- Artifacts Move Github: [1;32mOK[0m
- Artifacts Move Fail: [1;32mOK[0m
- Artifacts Delete: [1;32mOK[0m
- Artifacts Delete Azure: [1;32mOK[0m
- Artifacts Delete Github: [1;32mOK[0m

[1;37mPipeliner core compression[0m
- Compression Zip: [1;32mOK[0m
- Compression Zip Directory: [1;32mOK[0m
- Compression Zip Fail: [1;32mOK[0m

[1;37mPipeliner core docker[0m
- Docker Build: [1;32mOK[0m
- Docker Build Arguments: [1;32mOK[0m
- Docker Run node: [1;32mOK[0m
- Docker Run dotnet: [1;32mOK[0m
- Docker Run Owner: [1;32mOK[0m
- Docker Run Env: [1;32mOK[0m
- Docker Runner: [1;32mOK[0m
- Docker Runner node: [1;32mOK[0m
- Docker Runner Fail: [1;32mOK[0m
- Docker List: [1;32mOK[0m
- Docker List All: [1;32mOK[0m
- Docker Save: [1;32mOK[0m
- Docker Save Fail: [1;32mOK[0m
- Core Dockerfile: [1;32mOK[0m

[1;37mPipeliner core environment[0m
- Environment Platform: [1;32mOK[0m
- Environment Platform Azure: [1;32mOK[0m
- Environment Platform Github: [1;32mOK[0m
- Environment OS: [1;32mOK[0m
- Environment Distro: [1;32mOK[0m
- Environment Architecture: [1;32mOK[0m

[1;37mPipeliner core log[0m
- Log Debug: [1;32mOK[0m
- Log Debug Azure: [1;32mOK[0m
- Log Debug Github: [1;32mOK[0m
- Log Debug Fail: [1;32mOK[0m
- Log Info: [1;32mOK[0m
- Log Info Azure: [1;32mOK[0m
- Log Info Github: [1;32mOK[0m
- Log Info Fail: [1;32mOK[0m
- Log Warning: [1;32mOK[0m
- Log Warning Azure: [1;32mOK[0m
- Log Warning Github: [1;32mOK[0m
- Log Warning Fail: [1;32mOK[0m
- Log Error: [1;32mOK[0m
- Log Error Azure: [1;32mOK[0m
- Log Error Github: [1;32mOK[0m
- Log Error Fail: [1;32mOK[0m
- Log Variable: [1;32mOK[0m
- Log Variable Azure: [1;32mOK[0m
- Log Variable Github: [1;32mOK[0m
- Log Variable Fail: [1;32mOK[0m
- Log Group: [1;32mOK[0m
- Log Group Azure: [1;32mOK[0m
- Log Group Github: [1;32mOK[0m
- Log Group Fail: [1;32mOK[0m
- Log Group End: [1;32mOK[0m
- Log Group End Azure: [1;32mOK[0m
- Log Group End Github: [1;32mOK[0m
- Log Group End Fail: [1;32mOK[0m

[1;37mPipeliner core parallel[0m
- Parallel Command Start: [1;32mOK[0m
- Parallel Batch Determine: [1;32mOK[0m
- Parallel Batch Start: [1;32mOK[0m
- Parallel Batch Wait: [1;32mOK[0m
- Parallel Batch Results: [1;32mOK[0m
- Parallel Batch Failures: [1;32mOK[0m
- Parallel Run: [1;32mOK[0m
- Parallel Run sleep: [1;32mOK[0m

[1;37mPipeliner core ssh[0m
- SSH Directory: [1;32mOK[0m
- SSH Key File: [1;32mOK[0m
- SSH Key File Public: [1;32mOK[0m
- SSH Remote Authorized Keys File: [1;32mOK[0m
- SSH Key Exists: [1;32mOK[0m
- SSH Generate Key: [1;32mOK[0m
- SSH Dissect URL: [1;32mOK[0m
- SSH Deploy Key: [1;32mOK[0m
- SSH Run: [1;32mOK[0m
- SSH Copy: [1;32mOK[0m

[1;37mPipeliner core variables[0m
- Variables Set: [1;32mOK[0m
- Variables Set Fail: [1;32mOK[0m
- Variables Unset: [1;32mOK[0m
- Variables Unset Fail: [1;32mOK[0m
- Variables Get: [1;32mOK[0m
- Variables Get Fail: [1;32mOK[0m

[1;37mPipeliner core version[0m
- Version Pipeliner: [1;32mOK[0m
- Version Pipeliner Full: [1;32mOK[0m
- Version Pipeliner Code: [1;32mOK[0m
- Version BuildId: [1;32mOK[0m
- Version BuildId Azure: [1;32mOK[0m
- Version BuildId Github: [1;32mOK[0m
- Version BuildId Fail: [1;32mOK[0m
- Version BuildId Next: [1;32mOK[0m
- Version Generate BuildId NewFile: [1;32mOK[0m
- Version BuildId Next Fail: [1;32mOK[0m

[1;37mPipeliner core utils assert[0m
- Assert Equal: [1;32mOK[0m
- Assert Equal Fail: [1;32mOK[0m
- Assert Not Equal: [1;32mOK[0m
- Assert Not Equal Fail: [1;32mOK[0m
- Assert Greater Than: [1;32mOK[0m
- Assert Greater Than Fail: [1;32mOK[0m
- Assert Greater Than Or Equal: [1;32mOK[0m
- Assert Greater Than Or Equal Fail: [1;32mOK[0m
- Assert Less Than: [1;32mOK[0m
- Assert Less Than Fail: [1;32mOK[0m
- Assert Less Than Or Equal: [1;32mOK[0m
- Assert Less Than Or Equal Fail: [1;32mOK[0m
- Assert Between: [1;32mOK[0m
- Assert Between Fail: [1;32mOK[0m
- Assert Not Between: [1;32mOK[0m
- Assert Not Between Fail: [1;32mOK[0m
- Assert Match: [1;32mOK[0m
- Assert Match Fail: [1;32mOK[0m
- Assert Not Match: [1;32mOK[0m
- Assert Not Match Fail: [1;32mOK[0m
- Assert Starts With: [1;32mOK[0m
- Assert Starts With Fail: [1;32mOK[0m
- Assert Not Starts With: [1;32mOK[0m
- Assert Not Starts With Fail: [1;32mOK[0m
- Assert Ends With: [1;32mOK[0m
- Assert Ends With Fail: [1;32mOK[0m
- Assert Not Ends With: [1;32mOK[0m
- Assert Not Ends With Fail: [1;32mOK[0m
- Assert Contains: [1;32mOK[0m
- Assert Contains Fail: [1;32mOK[0m
- Assert Not Contains: [1;32mOK[0m
- Assert Not Contains Fail: [1;32mOK[0m
- Assert Empty: [1;32mOK[0m
- Assert Empty Fail: [1;32mOK[0m
- Assert Not Empty: [1;32mOK[0m
- Assert Not Empty Fail: [1;32mOK[0m
- Assert File Exists: [1;32mOK[0m
- Assert File Exists Fail: [1;32mOK[0m
- Assert Not File Exists: [1;32mOK[0m
- Assert Not File Exists Fail: [1;32mOK[0m
- Assert Directory Exists: [1;32mOK[0m
- Assert Directory Exists Fail: [1;32mOK[0m
- Assert Not Directory Exists: [1;32mOK[0m
- Assert Not Directory Exists Fail: [1;32mOK[0m
- Assert Path Owner: [1;32mOK[0m
- Assert Path Owner Fail: [1;32mOK[0m
- Assert Path Group: [1;32mOK[0m
- Assert Path Group Fail: [1;32mOK[0m
- Assert Function: [1;32mOK[0m

[1;37mPipeliner core utils cli[0m
- CLI Arguments: [1;32mOK[0m
- CLI Arguments Fail: [1;32mOK[0m
- CLI Arguments Usage: [1;32mOK[0m
- CLI Arguments Parse Mapping: [1;32mOK[0m
- CLI Arguments Parse Mapping Fail: [1;32mOK[0m

[1;37mPipeliner core utils colors[0m
- Color Green: [1;32mOK[0m
- Color Red: [1;32mOK[0m
- Color Yellow: [1;32mOK[0m
- Color Blue: [1;32mOK[0m
- Color Purple: [1;32mOK[0m
- Color Cyan: [1;32mOK[0m
- Color White: [1;32mOK[0m
- Color Gray: [1;32mOK[0m
- Color Grey: [1;32mOK[0m

[1;37mPipeliner core utils dictionary[0m
- Dictionary Exists: [1;32mOK[0m
- Dictionary Keys: [1;32mOK[0m
- Dictionary Keys Fail: [1;32mOK[0m
- Dictionary Set: [1;32mOK[0m
- Dictionary Set Overwrite: [1;32mOK[0m
- Dictionary Set Fail: [1;32mOK[0m
- Dictionary Unset: [1;32mOK[0m
- Dictionary Unset Fail: [1;32mOK[0m
- Dictionary Get: [1;32mOK[0m
- Dictionary Get Fail: [1;32mOK[0m

[1;37mPipeliner core utils files[0m
- Files Path Original: [1;32mOK[0m
- Files Path Root: [1;32mOK[0m
- Files Path Work: [1;32mOK[0m
- Files Path Pipeliner: [1;32mOK[0m
- Files Path Data: [1;32mOK[0m
- Files Get Class Files: [1;32mOK[0m
- Files Import Classes: [1;32mOK[0m
- Files Get Stage Files: [1;32mOK[0m
- Files Import Stages: [1;32mOK[0m
- Files Get Test Files: [1;32mOK[0m
- Files Import Tests: [1;32mOK[0m
- Files Get Unit Tests: [1;32mOK[0m
- Files Get Integration Tests: [1;32mOK[0m
- Files Get E2E Tests: [1;32mOK[0m
- Files Watch Directory Written: [1;32mOK[0m
- Files Temp Dir: [1;32mOK[0m
- Files Temp File: [1;32mOK[0m
- Files Temp File Prefix Suffix: [1;32mOK[0m
- Files Temp Directory: [1;32mOK[0m
- Files Temp Directory Prefix Suffix: [1;32mOK[0m
- Files Temp Clean: [1;32mOK[0m

[1;37mPipeliner core utils misc.sh[0m
- explode: [1;32mOK[0m
- implode: [1;32mOK[0m
- map: [1;32mOK[0m
- reduce: [1;32mOK[0m
- filter: [1;32mOK[0m
- trim: [1;32mOK[0m
- reverse: [1;32mOK[0m

[1;37mPipeliner core utils packages[0m
- Packages Installed: [1;32mOK[0m
- Packages Version: [1;32mOK[0m
- Packages Determine Manager: [1;32mOK[0m
- Packages Determine Packages: [1;32mOK[0m
- Packages Determine Packages SSH: [1;32mOK[0m
- Packages Determine Packages ZIP: [1;32mOK[0m
- Packages Determine Packages Docker: [1;32mOK[0m
- Packages Determine Services: [1;32mOK[0m
- Packages Update: [1;32mOK[0m
- Packages Update Fail: [1;32mOK[0m
- Packages Install: [1;32mOK[0m
- Packages Install Fail: [1;32mOK[0m
- Packages Start Service: [1;32mOK[0m
- Packages Start Service Fail: [1;32mOK[0m
- Packages Prerequisites: [1;32mOK[0m

[1;37mPipeliner core utils test[0m
- Example: [1;32mOK[0m
- Example Skip: [1;34mSKIP[0m
- Test Title: [1;32mOK[0m
- Test Name: [1;32mOK[0m
- Test Execute: [1;32mOK[0m
- Test Execute Fail: [1;32mOK[0m
- Test Run: [1;32mOK[0m
- Test Run Type: [1;32mOK[0m
- Test Run Exclude: [1;32mOK[0m
- Test Run Fail: [1;32mOK[0m
- Test Statistics: [1;32mOK[0m
- [1;90mExample[0m: [1;34mSKIP[0m
- [0;90mExample[0m: [1;34mSKIP[0m

[1;37mPipeliner core utils vcs[0m
- VCS Affected: [1;32mOK[0m
- VCS Affected Directories: [1;32mOK[0m
- VCS Clone Directory: [1;32mOK[0m
- VCS Clone Directory Update: [1;32mOK[0m
- VCS Clone Directory Unknown: [1;32mOK[0m

[1;37mPipeliner dotnet dotnet[0m
- DotNet Dockerfile: [1;32mOK[0m
- DotNet Run: [1;32mOK[0m
- DotNet Build: [1;32mOK[0m
- DotNet Test: [1;32mOK[0m
- DotNet Lint: [1;32mOK[0m

[1;37mPipeliner node node[0m
- Node Dockerfile: [1;32mOK[0m
- Node Run: [1;32mOK[0m

[1;37mPipeliner node npm[0m
- NPM Run Install: [1;32mOK[0m
- NPM Run Install Production: 